[0.382s] DEBUG:colcon:Command line arguments: ['/usr/bin/colcon', 'build', '--packages-select', 'herm_description']
[0.382s] DEBUG:colcon:Parsed command line arguments: Namespace(log_base=None, log_level=None, verb_name='build', build_base='build', install_base='install', merge_install=False, symlink_install=False, test_result_base=None, continue_on_error=False, executor='parallel', parallel_workers=6, event_handlers=None, ignore_user_meta=False, metas=['./colcon.meta'], base_paths=['.'], packages_ignore=None, packages_ignore_regex=None, paths=None, packages_up_to=None, packages_up_to_regex=None, packages_above=None, packages_above_and_dependencies=None, packages_above_depth=None, packages_select_by_dep=None, packages_skip_by_dep=None, packages_skip_up_to=None, packages_select_build_failed=False, packages_skip_build_finished=False, packages_select_test_failures=False, packages_skip_test_passed=False, packages_select=['herm_description'], packages_skip=None, packages_select_regex=None, packages_skip_regex=None, packages_start=None, packages_end=None, allow_overriding=[], cmake_args=None, cmake_target=None, cmake_target_skip_unavailable=False, cmake_clean_cache=False, cmake_clean_first=False, cmake_force_configure=False, ament_cmake_args=None, catkin_cmake_args=None, catkin_skip_building_tests=False, mixin_files=None, mixin=None, verb_parser=<colcon_mixin.mixin.mixin_argument.MixinArgumentDecorator object at 0xffffa51dece0>, verb_extension=<colcon_core.verb.build.BuildVerb object at 0xffffa52dbca0>, main=<bound method BuildVerb.main of <colcon_core.verb.build.BuildVerb object at 0xffffa52dbca0>>, mixin_verb=('build',))
[1.071s] Level 1:colcon.colcon_core.package_discovery:discover_packages(colcon_meta) check parameters
[1.071s] Level 1:colcon.colcon_core.package_discovery:discover_packages(recursive) check parameters
[1.072s] Level 1:colcon.colcon_core.package_discovery:discover_packages(ignore) check parameters
[1.072s] Level 1:colcon.colcon_core.package_discovery:discover_packages(path) check parameters
[1.072s] Level 1:colcon.colcon_core.package_discovery:discover_packages(colcon_meta) discover
[1.072s] Level 1:colcon.colcon_core.package_discovery:discover_packages(recursive) discover
[1.072s] INFO:colcon.colcon_core.package_discovery:Crawling recursively for packages in '/home/jithin/herm_ws'
[1.072s] Level 1:colcon.colcon_core.package_identification:_identify(.) by extensions ['ignore', 'ignore_ament_install']
[1.072s] Level 1:colcon.colcon_core.package_identification:_identify(.) by extension 'ignore'
[1.073s] Level 1:colcon.colcon_core.package_identification:_identify(.) by extension 'ignore_ament_install'
[1.073s] Level 1:colcon.colcon_core.package_identification:_identify(.) by extensions ['colcon_pkg']
[1.073s] Level 1:colcon.colcon_core.package_identification:_identify(.) by extension 'colcon_pkg'
[1.073s] Level 1:colcon.colcon_core.package_identification:_identify(.) by extensions ['colcon_meta']
[1.073s] Level 1:colcon.colcon_core.package_identification:_identify(.) by extension 'colcon_meta'
[1.073s] Level 1:colcon.colcon_core.package_identification:_identify(.) by extensions ['ros']
[1.073s] Level 1:colcon.colcon_core.package_identification:_identify(.) by extension 'ros'
[1.102s] Level 1:colcon.colcon_core.package_identification:_identify(.) by extensions ['cmake', 'python']
[1.102s] Level 1:colcon.colcon_core.package_identification:_identify(.) by extension 'cmake'
[1.103s] Level 1:colcon.colcon_core.package_identification:_identify(.) by extension 'python'
[1.103s] Level 1:colcon.colcon_core.package_identification:_identify(.) by extensions ['python_setup_py']
[1.103s] Level 1:colcon.colcon_core.package_identification:_identify(.) by extension 'python_setup_py'
[1.103s] Level 1:colcon.colcon_core.package_identification:_identify(build) by extensions ['ignore', 'ignore_ament_install']
[1.103s] Level 1:colcon.colcon_core.package_identification:_identify(build) by extension 'ignore'
[1.103s] Level 1:colcon.colcon_core.package_identification:_identify(build) ignored
[1.104s] Level 1:colcon.colcon_core.package_identification:_identify(install) by extensions ['ignore', 'ignore_ament_install']
[1.104s] Level 1:colcon.colcon_core.package_identification:_identify(install) by extension 'ignore'
[1.104s] Level 1:colcon.colcon_core.package_identification:_identify(install) ignored
[1.104s] Level 1:colcon.colcon_core.package_identification:_identify(log) by extensions ['ignore', 'ignore_ament_install']
[1.104s] Level 1:colcon.colcon_core.package_identification:_identify(log) by extension 'ignore'
[1.104s] Level 1:colcon.colcon_core.package_identification:_identify(log) ignored
[1.105s] Level 1:colcon.colcon_core.package_identification:_identify(src) by extensions ['ignore', 'ignore_ament_install']
[1.105s] Level 1:colcon.colcon_core.package_identification:_identify(src) by extension 'ignore'
[1.105s] Level 1:colcon.colcon_core.package_identification:_identify(src) by extension 'ignore_ament_install'
[1.105s] Level 1:colcon.colcon_core.package_identification:_identify(src) by extensions ['colcon_pkg']
[1.105s] Level 1:colcon.colcon_core.package_identification:_identify(src) by extension 'colcon_pkg'
[1.105s] Level 1:colcon.colcon_core.package_identification:_identify(src) by extensions ['colcon_meta']
[1.105s] Level 1:colcon.colcon_core.package_identification:_identify(src) by extension 'colcon_meta'
[1.105s] Level 1:colcon.colcon_core.package_identification:_identify(src) by extensions ['ros']
[1.105s] Level 1:colcon.colcon_core.package_identification:_identify(src) by extension 'ros'
[1.106s] Level 1:colcon.colcon_core.package_identification:_identify(src) by extensions ['cmake', 'python']
[1.106s] Level 1:colcon.colcon_core.package_identification:_identify(src) by extension 'cmake'
[1.106s] Level 1:colcon.colcon_core.package_identification:_identify(src) by extension 'python'
[1.106s] Level 1:colcon.colcon_core.package_identification:_identify(src) by extensions ['python_setup_py']
[1.106s] Level 1:colcon.colcon_core.package_identification:_identify(src) by extension 'python_setup_py'
[1.106s] Level 1:colcon.colcon_core.package_identification:_identify(src/build) by extensions ['ignore', 'ignore_ament_install']
[1.106s] Level 1:colcon.colcon_core.package_identification:_identify(src/build) by extension 'ignore'
[1.106s] Level 1:colcon.colcon_core.package_identification:_identify(src/build) ignored
[1.106s] Level 1:colcon.colcon_core.package_identification:_identify(src/herm_description) by extensions ['ignore', 'ignore_ament_install']
[1.107s] Level 1:colcon.colcon_core.package_identification:_identify(src/herm_description) by extension 'ignore'
[1.107s] Level 1:colcon.colcon_core.package_identification:_identify(src/herm_description) by extension 'ignore_ament_install'
[1.107s] Level 1:colcon.colcon_core.package_identification:_identify(src/herm_description) by extensions ['colcon_pkg']
[1.107s] Level 1:colcon.colcon_core.package_identification:_identify(src/herm_description) by extension 'colcon_pkg'
[1.107s] Level 1:colcon.colcon_core.package_identification:_identify(src/herm_description) by extensions ['colcon_meta']
[1.107s] Level 1:colcon.colcon_core.package_identification:_identify(src/herm_description) by extension 'colcon_meta'
[1.107s] Level 1:colcon.colcon_core.package_identification:_identify(src/herm_description) by extensions ['ros']
[1.107s] Level 1:colcon.colcon_core.package_identification:_identify(src/herm_description) by extension 'ros'
[1.113s] DEBUG:colcon.colcon_core.package_identification:Package 'src/herm_description' with type 'ros.ament_python' and name 'herm_description'
[1.114s] Level 1:colcon.colcon_core.package_identification:_identify(src/install) by extensions ['ignore', 'ignore_ament_install']
[1.114s] Level 1:colcon.colcon_core.package_identification:_identify(src/install) by extension 'ignore'
[1.114s] Level 1:colcon.colcon_core.package_identification:_identify(src/install) ignored
[1.114s] Level 1:colcon.colcon_core.package_identification:_identify(src/log) by extensions ['ignore', 'ignore_ament_install']
[1.114s] Level 1:colcon.colcon_core.package_identification:_identify(src/log) by extension 'ignore'
[1.114s] Level 1:colcon.colcon_core.package_identification:_identify(src/log) ignored
[1.115s] Level 1:colcon.colcon_core.package_discovery:discover_packages(recursive) using defaults
[1.115s] Level 1:colcon.colcon_core.package_discovery:discover_packages(ignore) discover
[1.115s] Level 1:colcon.colcon_core.package_discovery:discover_packages(ignore) using defaults
[1.115s] Level 1:colcon.colcon_core.package_discovery:discover_packages(path) discover
[1.115s] Level 1:colcon.colcon_core.package_discovery:discover_packages(path) using defaults
[1.219s] Level 1:colcon.colcon_core.package_discovery:discover_packages(prefix_path) check parameters
[1.219s] Level 1:colcon.colcon_core.package_discovery:discover_packages(prefix_path) discover
[1.227s] DEBUG:colcon.colcon_installed_package_information.package_discovery:Found 1 installed packages in /home/jithin/herm_ws/install
[1.228s] DEBUG:colcon.colcon_installed_package_information.package_discovery:Found 1 installed packages in /home/jithin/herm_ws/src/install
[1.230s] DEBUG:colcon.colcon_installed_package_information.package_discovery:Found 275 installed packages in /opt/ros/humble
[1.233s] Level 1:colcon.colcon_core.package_discovery:discover_packages(prefix_path) using defaults
[1.306s] Level 5:colcon.colcon_core.verb:set package 'herm_description' build argument 'cmake_args' from command line to 'None'
[1.307s] Level 5:colcon.colcon_core.verb:set package 'herm_description' build argument 'cmake_target' from command line to 'None'
[1.307s] Level 5:colcon.colcon_core.verb:set package 'herm_description' build argument 'cmake_target_skip_unavailable' from command line to 'False'
[1.307s] Level 5:colcon.colcon_core.verb:set package 'herm_description' build argument 'cmake_clean_cache' from command line to 'False'
[1.307s] Level 5:colcon.colcon_core.verb:set package 'herm_description' build argument 'cmake_clean_first' from command line to 'False'
[1.307s] Level 5:colcon.colcon_core.verb:set package 'herm_description' build argument 'cmake_force_configure' from command line to 'False'
[1.307s] Level 5:colcon.colcon_core.verb:set package 'herm_description' build argument 'ament_cmake_args' from command line to 'None'
[1.307s] Level 5:colcon.colcon_core.verb:set package 'herm_description' build argument 'catkin_cmake_args' from command line to 'None'
[1.307s] Level 5:colcon.colcon_core.verb:set package 'herm_description' build argument 'catkin_skip_building_tests' from command line to 'False'
[1.307s] DEBUG:colcon.colcon_core.verb:Building package 'herm_description' with the following arguments: {'ament_cmake_args': None, 'build_base': '/home/jithin/herm_ws/build/herm_description', 'catkin_cmake_args': None, 'catkin_skip_building_tests': False, 'cmake_args': None, 'cmake_clean_cache': False, 'cmake_clean_first': False, 'cmake_force_configure': False, 'cmake_target': None, 'cmake_target_skip_unavailable': False, 'install_base': '/home/jithin/herm_ws/install/herm_description', 'merge_install': False, 'path': '/home/jithin/herm_ws/src/herm_description', 'symlink_install': False, 'test_result_base': None}
[1.307s] INFO:colcon.colcon_core.executor:Executing jobs using 'parallel' executor
[1.309s] DEBUG:colcon.colcon_parallel_executor.executor.parallel:run_until_complete
[1.310s] INFO:colcon.colcon_ros.task.ament_python.build:Building ROS package in '/home/jithin/herm_ws/src/herm_description' with build type 'ament_python'
[1.310s] Level 1:colcon.colcon_core.shell:create_environment_hook('herm_description', 'ament_prefix_path')
[1.321s] INFO:colcon.colcon_core.plugin_system:Skipping extension 'colcon_core.shell.bat': Not used on non-Windows systems
[1.321s] INFO:colcon.colcon_core.shell:Creating environment hook '/home/jithin/herm_ws/install/herm_description/share/herm_description/hook/ament_prefix_path.ps1'
[1.324s] INFO:colcon.colcon_core.shell:Creating environment descriptor '/home/jithin/herm_ws/install/herm_description/share/herm_description/hook/ament_prefix_path.dsv'
[1.327s] INFO:colcon.colcon_core.shell:Creating environment hook '/home/jithin/herm_ws/install/herm_description/share/herm_description/hook/ament_prefix_path.sh'
[1.331s] INFO:colcon.colcon_core.shell:Skip shell extension 'powershell' for command environment: Not usable outside of PowerShell
[1.331s] DEBUG:colcon.colcon_core.shell:Skip shell extension 'dsv' for command environment
[1.859s] INFO:colcon.colcon_core.task.python.build:Building Python package in '/home/jithin/herm_ws/src/herm_description'
[1.859s] INFO:colcon.colcon_core.shell:Skip shell extension 'powershell' for command environment: Not usable outside of PowerShell
[1.860s] DEBUG:colcon.colcon_core.shell:Skip shell extension 'dsv' for command environment
[2.654s] DEBUG:colcon.colcon_core.event_handler.log_command:Invoking command in '/home/jithin/herm_ws/build/herm_description': PYTHONPATH=/home/jithin/herm_ws/build/herm_description/prefix_override:/usr/lib/python3/dist-packages/colcon_core/task/python/colcon_distutils_commands:/home/jithin/herm_ws/install/herm_description/lib/python3.10/site-packages:${PYTHONPATH} /usr/bin/python3 -W ignore:setup.py install is deprecated -W ignore:easy_install command is deprecated setup.py develop --uninstall --editable --build-directory /home/jithin/herm_ws/build/herm_description/build
[3.547s] DEBUG:colcon.colcon_core.event_handler.log_command:Invoked command in '/home/jithin/herm_ws/build/herm_description' returned '0': PYTHONPATH=/home/jithin/herm_ws/build/herm_description/prefix_override:/usr/lib/python3/dist-packages/colcon_core/task/python/colcon_distutils_commands:/home/jithin/herm_ws/install/herm_description/lib/python3.10/site-packages:${PYTHONPATH} /usr/bin/python3 -W ignore:setup.py install is deprecated -W ignore:easy_install command is deprecated setup.py develop --uninstall --editable --build-directory /home/jithin/herm_ws/build/herm_description/build
[3.551s] DEBUG:colcon.colcon_core.event_handler.log_command:Invoking command in '/home/jithin/herm_ws/src/herm_description': PYTHONPATH=/home/jithin/herm_ws/build/herm_description/prefix_override:/usr/lib/python3/dist-packages/colcon_core/task/python/colcon_distutils_commands:/home/jithin/herm_ws/install/herm_description/lib/python3.10/site-packages:${PYTHONPATH} /usr/bin/python3 -W ignore:setup.py install is deprecated -W ignore:easy_install command is deprecated setup.py egg_info --egg-base ../../build/herm_description build --build-base /home/jithin/herm_ws/build/herm_description/build install --record /home/jithin/herm_ws/build/herm_description/install.log --single-version-externally-managed install_data --force
[4.153s] DEBUG:colcon.colcon_core.event_handler.log_command:Invoked command in '/home/jithin/herm_ws/src/herm_description' returned '0': PYTHONPATH=/home/jithin/herm_ws/build/herm_description/prefix_override:/usr/lib/python3/dist-packages/colcon_core/task/python/colcon_distutils_commands:/home/jithin/herm_ws/install/herm_description/lib/python3.10/site-packages:${PYTHONPATH} /usr/bin/python3 -W ignore:setup.py install is deprecated -W ignore:easy_install command is deprecated setup.py egg_info --egg-base ../../build/herm_description build --build-base /home/jithin/herm_ws/build/herm_description/build install --record /home/jithin/herm_ws/build/herm_description/install.log --single-version-externally-managed install_data --force
[4.170s] Level 1:colcon.colcon_core.environment:checking '/home/jithin/herm_ws/install/herm_description' for CMake module files
[4.172s] Level 1:colcon.colcon_core.environment:checking '/home/jithin/herm_ws/install/herm_description' for CMake config files
[4.174s] Level 1:colcon.colcon_core.environment:checking '/home/jithin/herm_ws/install/herm_description/lib'
[4.175s] Level 1:colcon.colcon_core.environment:checking '/home/jithin/herm_ws/install/herm_description/bin'
[4.175s] Level 1:colcon.colcon_core.environment:checking '/home/jithin/herm_ws/install/herm_description/lib/pkgconfig/herm_description.pc'
[4.176s] Level 1:colcon.colcon_core.environment:checking '/home/jithin/herm_ws/install/herm_description/lib/python3.10/site-packages'
[4.176s] Level 1:colcon.colcon_core.shell:create_environment_hook('herm_description', 'pythonpath')
[4.176s] INFO:colcon.colcon_core.shell:Creating environment hook '/home/jithin/herm_ws/install/herm_description/share/herm_description/hook/pythonpath.ps1'
[4.178s] INFO:colcon.colcon_core.shell:Creating environment descriptor '/home/jithin/herm_ws/install/herm_description/share/herm_description/hook/pythonpath.dsv'
[4.179s] INFO:colcon.colcon_core.shell:Creating environment hook '/home/jithin/herm_ws/install/herm_description/share/herm_description/hook/pythonpath.sh'
[4.181s] Level 1:colcon.colcon_core.environment:checking '/home/jithin/herm_ws/install/herm_description/bin'
[4.181s] Level 1:colcon.colcon_core.environment:create_environment_scripts_only(herm_description)
[4.182s] INFO:colcon.colcon_core.shell:Creating package script '/home/jithin/herm_ws/install/herm_description/share/herm_description/package.ps1'
[4.185s] INFO:colcon.colcon_core.shell:Creating package descriptor '/home/jithin/herm_ws/install/herm_description/share/herm_description/package.dsv'
[4.192s] INFO:colcon.colcon_core.shell:Creating package script '/home/jithin/herm_ws/install/herm_description/share/herm_description/package.sh'
[4.195s] INFO:colcon.colcon_core.shell:Creating package script '/home/jithin/herm_ws/install/herm_description/share/herm_description/package.bash'
[4.198s] INFO:colcon.colcon_core.shell:Creating package script '/home/jithin/herm_ws/install/herm_description/share/herm_description/package.zsh'
[4.201s] Level 1:colcon.colcon_core.environment:create_file_with_runtime_dependencies(/home/jithin/herm_ws/install/herm_description/share/colcon-core/packages/herm_description)
[4.202s] DEBUG:colcon.colcon_parallel_executor.executor.parallel:closing loop
[4.203s] DEBUG:colcon.colcon_parallel_executor.executor.parallel:loop closed
[4.203s] DEBUG:colcon.colcon_parallel_executor.executor.parallel:run_until_complete finished with '0'
[4.203s] DEBUG:colcon.colcon_core.event_reactor:joining thread
[4.216s] INFO:colcon.colcon_core.plugin_system:Skipping extension 'colcon_notification.desktop_notification.terminal_notifier': Not used on non-Darwin systems
[4.216s] INFO:colcon.colcon_core.plugin_system:Skipping extension 'colcon_notification.desktop_notification.win32': Not used on non-Windows systems
[4.217s] INFO:colcon.colcon_notification.desktop_notification:Sending desktop notification using 'notify2'
[4.277s] DEBUG:colcon.colcon_core.event_reactor:joined thread
[4.278s] INFO:colcon.colcon_core.shell:Creating prefix script '/home/jithin/herm_ws/install/local_setup.ps1'
[4.280s] INFO:colcon.colcon_core.shell:Creating prefix util module '/home/jithin/herm_ws/install/_local_setup_util_ps1.py'
[4.285s] INFO:colcon.colcon_core.shell:Creating prefix chain script '/home/jithin/herm_ws/install/setup.ps1'
[4.289s] INFO:colcon.colcon_core.shell:Creating prefix script '/home/jithin/herm_ws/install/local_setup.sh'
[4.292s] INFO:colcon.colcon_core.shell:Creating prefix util module '/home/jithin/herm_ws/install/_local_setup_util_sh.py'
[4.294s] INFO:colcon.colcon_core.shell:Creating prefix chain script '/home/jithin/herm_ws/install/setup.sh'
[4.297s] INFO:colcon.colcon_core.shell:Creating prefix script '/home/jithin/herm_ws/install/local_setup.bash'
[4.301s] INFO:colcon.colcon_core.shell:Creating prefix chain script '/home/jithin/herm_ws/install/setup.bash'
[4.305s] INFO:colcon.colcon_core.shell:Creating prefix script '/home/jithin/herm_ws/install/local_setup.zsh'
[4.308s] INFO:colcon.colcon_core.shell:Creating prefix chain script '/home/jithin/herm_ws/install/setup.zsh'
