[1.133s] Invoking command in '/home/jithin/herm_ws/build/herm_description': PYTHONPATH=/home/jithin/herm_ws/build/herm_description/prefix_override:/usr/lib/python3/dist-packages/colcon_core/task/python/colcon_distutils_commands:/home/jithin/herm_ws/install/herm_description/lib/python3.10/site-packages:${PYTHONPATH} /usr/bin/python3 -W ignore:setup.py install is deprecated -W ignore:easy_install command is deprecated setup.py develop --editable --build-directory /home/jithin/herm_ws/build/herm_description/build --no-deps symlink_data --force
[1.615s] running develop
[1.909s] running egg_info
[1.909s] writing herm_description.egg-info/PKG-INFO
[1.909s] writing dependency_links to herm_description.egg-info/dependency_links.txt
[1.910s] writing entry points to herm_description.egg-info/entry_points.txt
[1.910s] writing requirements to herm_description.egg-info/requires.txt
[1.910s] writing top-level names to herm_description.egg-info/top_level.txt
[1.914s] reading manifest file 'herm_description.egg-info/SOURCES.txt'
[1.915s] writing manifest file 'herm_description.egg-info/SOURCES.txt'
[1.918s] running build_ext
[1.918s] Creating /home/jithin/herm_ws/install/herm_description/lib/python3.10/site-packages/herm-description.egg-link (link to .)
[1.920s] 
[1.920s] Installed /home/jithin/herm_ws/build/herm_description
[1.920s] running symlink_data
[1.920s] symbolically linking /home/jithin/herm_ws/build/herm_description/resource/herm_description -> /home/jithin/herm_ws/install/herm_description/share/ament_index/resource_index/packages
[1.920s] symbolically linking /home/jithin/herm_ws/build/herm_description/package.xml -> /home/jithin/herm_ws/install/herm_description/share/herm_description
[1.921s] creating /home/jithin/herm_ws/install/herm_description/share/herm_description/urdf
[1.921s] error: [Errno 2] No such file or directory: '/home/jithin/herm_ws/install/herm_description/share/herm_description/urdf/herm.urdf.xacro'
[2.000s] Invoked command in '/home/jithin/herm_ws/build/herm_description' returned '1': PYTHONPATH=/home/jithin/herm_ws/build/herm_description/prefix_override:/usr/lib/python3/dist-packages/colcon_core/task/python/colcon_distutils_commands:/home/jithin/herm_ws/install/herm_description/lib/python3.10/site-packages:${PYTHONPATH} /usr/bin/python3 -W ignore:setup.py install is deprecated -W ignore:easy_install command is deprecated setup.py develop --editable --build-directory /home/jithin/herm_ws/build/herm_description/build --no-deps symlink_data --force
