[1.252s] Invoking command in '/home/jithin/herm_ws/src/herm_description': PYTHONPATH=/home/jithin/herm_ws/build/herm_description/prefix_override:/usr/lib/python3/dist-packages/colcon_core/task/python/colcon_distutils_commands:/home/jithin/herm_ws/install/herm_description/lib/python3.10/site-packages:${PYTHONPATH} /usr/bin/python3 -W ignore:setup.py install is deprecated -W ignore:easy_install command is deprecated setup.py egg_info --egg-base ../../build/herm_description build --build-base /home/jithin/herm_ws/build/herm_description/build install --record /home/jithin/herm_ws/build/herm_description/install.log --single-version-externally-managed install_data
[1.709s] running egg_info
[1.711s] writing ../../build/herm_description/herm_description.egg-info/PKG-INFO
[1.711s] writing dependency_links to ../../build/herm_description/herm_description.egg-info/dependency_links.txt
[1.712s] writing entry points to ../../build/herm_description/herm_description.egg-info/entry_points.txt
[1.712s] writing requirements to ../../build/herm_description/herm_description.egg-info/requires.txt
[1.712s] writing top-level names to ../../build/herm_description/herm_description.egg-info/top_level.txt
[1.719s] reading manifest file '../../build/herm_description/herm_description.egg-info/SOURCES.txt'
[1.721s] writing manifest file '../../build/herm_description/herm_description.egg-info/SOURCES.txt'
[1.721s] running build
[1.721s] running build_py
[1.721s] running install
[1.722s] running install_lib
[1.724s] running install_data
[1.725s] copying launch/display.launch.py -> /home/jithin/herm_ws/install/herm_description/share/herm_description/launch
[1.725s] running install_egg_info
[1.729s] removing '/home/jithin/herm_ws/install/herm_description/lib/python3.10/site-packages/herm_description-0.0.0-py3.10.egg-info' (and everything under it)
[1.730s] Copying ../../build/herm_description/herm_description.egg-info to /home/jithin/herm_ws/install/herm_description/lib/python3.10/site-packages/herm_description-0.0.0-py3.10.egg-info
[1.733s] running install_scripts
[1.772s] writing list of installed files to '/home/jithin/herm_ws/build/herm_description/install.log'
[1.844s] Invoked command in '/home/jithin/herm_ws/src/herm_description' returned '0': PYTHONPATH=/home/jithin/herm_ws/build/herm_description/prefix_override:/usr/lib/python3/dist-packages/colcon_core/task/python/colcon_distutils_commands:/home/jithin/herm_ws/install/herm_description/lib/python3.10/site-packages:${PYTHONPATH} /usr/bin/python3 -W ignore:setup.py install is deprecated -W ignore:easy_install command is deprecated setup.py egg_info --egg-base ../../build/herm_description build --build-base /home/jithin/herm_ws/build/herm_description/build install --record /home/jithin/herm_ws/build/herm_description/install.log --single-version-externally-managed install_data
