[0.201s] DEBUG:colcon:Command line arguments: ['/usr/bin/colcon', 'build', '--symlink-install']
[0.201s] DEBUG:colcon:Parsed command line arguments: Namespace(log_base=None, log_level=None, verb_name='build', build_base='build', install_base='install', merge_install=False, symlink_install=True, test_result_base=None, continue_on_error=False, executor='parallel', parallel_workers=6, event_handlers=None, ignore_user_meta=False, metas=['./colcon.meta'], base_paths=['.'], packages_ignore=None, packages_ignore_regex=None, paths=None, packages_up_to=None, packages_up_to_regex=None, packages_above=None, packages_above_and_dependencies=None, packages_above_depth=None, packages_select_by_dep=None, packages_skip_by_dep=None, packages_skip_up_to=None, packages_select_build_failed=False, packages_skip_build_finished=False, packages_select_test_failures=False, packages_skip_test_passed=False, packages_select=None, packages_skip=None, packages_select_regex=None, packages_skip_regex=None, packages_start=None, packages_end=None, allow_overriding=[], cmake_args=None, cmake_target=None, cmake_target_skip_unavailable=False, cmake_clean_cache=False, cmake_clean_first=False, cmake_force_configure=False, ament_cmake_args=None, catkin_cmake_args=None, catkin_skip_building_tests=False, mixin_files=None, mixin=None, verb_parser=<colcon_mixin.mixin.mixin_argument.MixinArgumentDecorator object at 0xffffa6b99f60>, verb_extension=<colcon_core.verb.build.BuildVerb object at 0xffffa6ca2f20>, main=<bound method BuildVerb.main of <colcon_core.verb.build.BuildVerb object at 0xffffa6ca2f20>>, mixin_verb=('build',))
[0.505s] Level 1:colcon.colcon_core.package_discovery:discover_packages(colcon_meta) check parameters
[0.505s] Level 1:colcon.colcon_core.package_discovery:discover_packages(recursive) check parameters
[0.506s] Level 1:colcon.colcon_core.package_discovery:discover_packages(ignore) check parameters
[0.506s] Level 1:colcon.colcon_core.package_discovery:discover_packages(path) check parameters
[0.506s] Level 1:colcon.colcon_core.package_discovery:discover_packages(colcon_meta) discover
[0.506s] Level 1:colcon.colcon_core.package_discovery:discover_packages(recursive) discover
[0.506s] INFO:colcon.colcon_core.package_discovery:Crawling recursively for packages in '/home/jithin/herm_ws'
[0.506s] Level 1:colcon.colcon_core.package_identification:_identify(.) by extensions ['ignore', 'ignore_ament_install']
[0.506s] Level 1:colcon.colcon_core.package_identification:_identify(.) by extension 'ignore'
[0.506s] Level 1:colcon.colcon_core.package_identification:_identify(.) by extension 'ignore_ament_install'
[0.507s] Level 1:colcon.colcon_core.package_identification:_identify(.) by extensions ['colcon_pkg']
[0.507s] Level 1:colcon.colcon_core.package_identification:_identify(.) by extension 'colcon_pkg'
[0.507s] Level 1:colcon.colcon_core.package_identification:_identify(.) by extensions ['colcon_meta']
[0.507s] Level 1:colcon.colcon_core.package_identification:_identify(.) by extension 'colcon_meta'
[0.507s] Level 1:colcon.colcon_core.package_identification:_identify(.) by extensions ['ros']
[0.507s] Level 1:colcon.colcon_core.package_identification:_identify(.) by extension 'ros'
[0.526s] Level 1:colcon.colcon_core.package_identification:_identify(.) by extensions ['cmake', 'python']
[0.527s] Level 1:colcon.colcon_core.package_identification:_identify(.) by extension 'cmake'
[0.527s] Level 1:colcon.colcon_core.package_identification:_identify(.) by extension 'python'
[0.527s] Level 1:colcon.colcon_core.package_identification:_identify(.) by extensions ['python_setup_py']
[0.527s] Level 1:colcon.colcon_core.package_identification:_identify(.) by extension 'python_setup_py'
[0.527s] Level 1:colcon.colcon_core.package_identification:_identify(build) by extensions ['ignore', 'ignore_ament_install']
[0.527s] Level 1:colcon.colcon_core.package_identification:_identify(build) by extension 'ignore'
[0.528s] Level 1:colcon.colcon_core.package_identification:_identify(build) ignored
[0.528s] Level 1:colcon.colcon_core.package_identification:_identify(install) by extensions ['ignore', 'ignore_ament_install']
[0.528s] Level 1:colcon.colcon_core.package_identification:_identify(install) by extension 'ignore'
[0.528s] Level 1:colcon.colcon_core.package_identification:_identify(install) ignored
[0.528s] Level 1:colcon.colcon_core.package_identification:_identify(log) by extensions ['ignore', 'ignore_ament_install']
[0.528s] Level 1:colcon.colcon_core.package_identification:_identify(log) by extension 'ignore'
[0.529s] Level 1:colcon.colcon_core.package_identification:_identify(log) ignored
[0.529s] Level 1:colcon.colcon_core.package_identification:_identify(src) by extensions ['ignore', 'ignore_ament_install']
[0.529s] Level 1:colcon.colcon_core.package_identification:_identify(src) by extension 'ignore'
[0.529s] Level 1:colcon.colcon_core.package_identification:_identify(src) by extension 'ignore_ament_install'
[0.529s] Level 1:colcon.colcon_core.package_identification:_identify(src) by extensions ['colcon_pkg']
[0.529s] Level 1:colcon.colcon_core.package_identification:_identify(src) by extension 'colcon_pkg'
[0.529s] Level 1:colcon.colcon_core.package_identification:_identify(src) by extensions ['colcon_meta']
[0.529s] Level 1:colcon.colcon_core.package_identification:_identify(src) by extension 'colcon_meta'
[0.529s] Level 1:colcon.colcon_core.package_identification:_identify(src) by extensions ['ros']
[0.529s] Level 1:colcon.colcon_core.package_identification:_identify(src) by extension 'ros'
[0.530s] Level 1:colcon.colcon_core.package_identification:_identify(src) by extensions ['cmake', 'python']
[0.530s] Level 1:colcon.colcon_core.package_identification:_identify(src) by extension 'cmake'
[0.530s] Level 1:colcon.colcon_core.package_identification:_identify(src) by extension 'python'
[0.530s] Level 1:colcon.colcon_core.package_identification:_identify(src) by extensions ['python_setup_py']
[0.530s] Level 1:colcon.colcon_core.package_identification:_identify(src) by extension 'python_setup_py'
[0.530s] Level 1:colcon.colcon_core.package_identification:_identify(src/build) by extensions ['ignore', 'ignore_ament_install']
[0.530s] Level 1:colcon.colcon_core.package_identification:_identify(src/build) by extension 'ignore'
[0.530s] Level 1:colcon.colcon_core.package_identification:_identify(src/build) ignored
[0.531s] Level 1:colcon.colcon_core.package_identification:_identify(src/herm_description) by extensions ['ignore', 'ignore_ament_install']
[0.531s] Level 1:colcon.colcon_core.package_identification:_identify(src/herm_description) by extension 'ignore'
[0.531s] Level 1:colcon.colcon_core.package_identification:_identify(src/herm_description) by extension 'ignore_ament_install'
[0.531s] Level 1:colcon.colcon_core.package_identification:_identify(src/herm_description) by extensions ['colcon_pkg']
[0.531s] Level 1:colcon.colcon_core.package_identification:_identify(src/herm_description) by extension 'colcon_pkg'
[0.531s] Level 1:colcon.colcon_core.package_identification:_identify(src/herm_description) by extensions ['colcon_meta']
[0.531s] Level 1:colcon.colcon_core.package_identification:_identify(src/herm_description) by extension 'colcon_meta'
[0.531s] Level 1:colcon.colcon_core.package_identification:_identify(src/herm_description) by extensions ['ros']
[0.531s] Level 1:colcon.colcon_core.package_identification:_identify(src/herm_description) by extension 'ros'
[0.536s] DEBUG:colcon.colcon_core.package_identification:Package 'src/herm_description' with type 'ros.ament_python' and name 'herm_description'
[0.536s] Level 1:colcon.colcon_core.package_identification:_identify(src/install) by extensions ['ignore', 'ignore_ament_install']
[0.536s] Level 1:colcon.colcon_core.package_identification:_identify(src/install) by extension 'ignore'
[0.536s] Level 1:colcon.colcon_core.package_identification:_identify(src/install) ignored
[0.536s] Level 1:colcon.colcon_core.package_identification:_identify(src/log) by extensions ['ignore', 'ignore_ament_install']
[0.537s] Level 1:colcon.colcon_core.package_identification:_identify(src/log) by extension 'ignore'
[0.537s] Level 1:colcon.colcon_core.package_identification:_identify(src/log) ignored
[0.537s] Level 1:colcon.colcon_core.package_discovery:discover_packages(recursive) using defaults
[0.537s] Level 1:colcon.colcon_core.package_discovery:discover_packages(ignore) discover
[0.537s] Level 1:colcon.colcon_core.package_discovery:discover_packages(ignore) using defaults
[0.537s] Level 1:colcon.colcon_core.package_discovery:discover_packages(path) discover
[0.537s] Level 1:colcon.colcon_core.package_discovery:discover_packages(path) using defaults
[0.601s] Level 1:colcon.colcon_core.package_discovery:discover_packages(prefix_path) check parameters
[0.601s] Level 1:colcon.colcon_core.package_discovery:discover_packages(prefix_path) discover
[0.603s] WARNING:colcon.colcon_core.prefix_path.colcon:The path '/home/jithin/ros2_ws/install' in the environment variable COLCON_PREFIX_PATH doesn't exist
[0.603s] WARNING:colcon.colcon_ros.prefix_path.ament:The path '/home/jithin/ros2_ws/install/sllidar_ros2' in the environment variable AMENT_PREFIX_PATH doesn't exist
[0.604s] WARNING:colcon.colcon_ros.prefix_path.catkin:The path '/home/jithin/ros2_ws/install/sllidar_ros2' in the environment variable CMAKE_PREFIX_PATH doesn't exist
[0.605s] DEBUG:colcon.colcon_installed_package_information.package_discovery:Found 1 installed packages in /home/jithin/herm_ws/src/install
[0.606s] DEBUG:colcon.colcon_installed_package_information.package_discovery:Found 1 installed packages in /home/jithin/herm_ws/install
[0.608s] DEBUG:colcon.colcon_installed_package_information.package_discovery:Found 272 installed packages in /opt/ros/humble
[0.610s] Level 1:colcon.colcon_core.package_discovery:discover_packages(prefix_path) using defaults
[0.675s] Level 5:colcon.colcon_core.verb:set package 'herm_description' build argument 'cmake_args' from command line to 'None'
[0.676s] Level 5:colcon.colcon_core.verb:set package 'herm_description' build argument 'cmake_target' from command line to 'None'
[0.676s] Level 5:colcon.colcon_core.verb:set package 'herm_description' build argument 'cmake_target_skip_unavailable' from command line to 'False'
[0.676s] Level 5:colcon.colcon_core.verb:set package 'herm_description' build argument 'cmake_clean_cache' from command line to 'False'
[0.676s] Level 5:colcon.colcon_core.verb:set package 'herm_description' build argument 'cmake_clean_first' from command line to 'False'
[0.676s] Level 5:colcon.colcon_core.verb:set package 'herm_description' build argument 'cmake_force_configure' from command line to 'False'
[0.676s] Level 5:colcon.colcon_core.verb:set package 'herm_description' build argument 'ament_cmake_args' from command line to 'None'
[0.676s] Level 5:colcon.colcon_core.verb:set package 'herm_description' build argument 'catkin_cmake_args' from command line to 'None'
[0.676s] Level 5:colcon.colcon_core.verb:set package 'herm_description' build argument 'catkin_skip_building_tests' from command line to 'False'
[0.676s] DEBUG:colcon.colcon_core.verb:Building package 'herm_description' with the following arguments: {'ament_cmake_args': None, 'build_base': '/home/jithin/herm_ws/build/herm_description', 'catkin_cmake_args': None, 'catkin_skip_building_tests': False, 'cmake_args': None, 'cmake_clean_cache': False, 'cmake_clean_first': False, 'cmake_force_configure': False, 'cmake_target': None, 'cmake_target_skip_unavailable': False, 'install_base': '/home/jithin/herm_ws/install/herm_description', 'merge_install': False, 'path': '/home/jithin/herm_ws/src/herm_description', 'symlink_install': True, 'test_result_base': None}
[0.676s] INFO:colcon.colcon_core.executor:Executing jobs using 'parallel' executor
[0.678s] DEBUG:colcon.colcon_parallel_executor.executor.parallel:run_until_complete
[0.679s] INFO:colcon.colcon_ros.task.ament_python.build:Building ROS package in '/home/jithin/herm_ws/src/herm_description' with build type 'ament_python'
[0.679s] Level 1:colcon.colcon_core.shell:create_environment_hook('herm_description', 'ament_prefix_path')
[0.683s] INFO:colcon.colcon_core.plugin_system:Skipping extension 'colcon_core.shell.bat': Not used on non-Windows systems
[0.684s] INFO:colcon.colcon_core.shell:Creating environment hook '/home/jithin/herm_ws/install/herm_description/share/herm_description/hook/ament_prefix_path.ps1'
[0.685s] INFO:colcon.colcon_core.shell:Creating environment descriptor '/home/jithin/herm_ws/install/herm_description/share/herm_description/hook/ament_prefix_path.dsv'
[0.686s] INFO:colcon.colcon_core.shell:Creating environment hook '/home/jithin/herm_ws/install/herm_description/share/herm_description/hook/ament_prefix_path.sh'
[0.687s] INFO:colcon.colcon_core.shell:Skip shell extension 'powershell' for command environment: Not usable outside of PowerShell
[0.687s] DEBUG:colcon.colcon_core.shell:Skip shell extension 'dsv' for command environment
[1.182s] INFO:colcon.colcon_core.task.python.build:Building Python package in '/home/jithin/herm_ws/src/herm_description'
[1.183s] INFO:colcon.colcon_core.shell:Skip shell extension 'powershell' for command environment: Not usable outside of PowerShell
[1.183s] DEBUG:colcon.colcon_core.shell:Skip shell extension 'dsv' for command environment
[1.819s] DEBUG:colcon.colcon_core.event_handler.log_command:Invoking command in '/home/jithin/herm_ws/build/herm_description': PYTHONPATH=/home/jithin/herm_ws/build/herm_description/prefix_override:/usr/lib/python3/dist-packages/colcon_core/task/python/colcon_distutils_commands:/home/jithin/herm_ws/install/herm_description/lib/python3.10/site-packages:${PYTHONPATH} /usr/bin/python3 -W ignore:setup.py install is deprecated -W ignore:easy_install command is deprecated setup.py develop --editable --build-directory /home/jithin/herm_ws/build/herm_description/build --no-deps symlink_data
[2.677s] Level 1:colcon.colcon_core.shell:create_environment_hook('herm_description', 'pythonpath_develop')
[2.678s] INFO:colcon.colcon_core.shell:Creating environment hook '/home/jithin/herm_ws/build/herm_description/share/herm_description/hook/pythonpath_develop.ps1'
[2.680s] DEBUG:colcon.colcon_core.event_handler.log_command:Invoked command in '/home/jithin/herm_ws/build/herm_description' returned '0': PYTHONPATH=/home/jithin/herm_ws/build/herm_description/prefix_override:/usr/lib/python3/dist-packages/colcon_core/task/python/colcon_distutils_commands:/home/jithin/herm_ws/install/herm_description/lib/python3.10/site-packages:${PYTHONPATH} /usr/bin/python3 -W ignore:setup.py install is deprecated -W ignore:easy_install command is deprecated setup.py develop --editable --build-directory /home/jithin/herm_ws/build/herm_description/build --no-deps symlink_data
[2.682s] INFO:colcon.colcon_core.shell:Creating environment descriptor '/home/jithin/herm_ws/build/herm_description/share/herm_description/hook/pythonpath_develop.dsv'
[2.683s] INFO:colcon.colcon_core.shell:Creating environment hook '/home/jithin/herm_ws/build/herm_description/share/herm_description/hook/pythonpath_develop.sh'
[2.694s] Level 1:colcon.colcon_core.environment:checking '/home/jithin/herm_ws/install/herm_description' for CMake module files
[2.695s] Level 1:colcon.colcon_core.environment:checking '/home/jithin/herm_ws/install/herm_description' for CMake config files
[2.698s] Level 1:colcon.colcon_core.environment:checking '/home/jithin/herm_ws/install/herm_description/lib'
[2.698s] Level 1:colcon.colcon_core.environment:checking '/home/jithin/herm_ws/install/herm_description/bin'
[2.699s] Level 1:colcon.colcon_core.environment:checking '/home/jithin/herm_ws/install/herm_description/lib/pkgconfig/herm_description.pc'
[2.699s] Level 1:colcon.colcon_core.environment:checking '/home/jithin/herm_ws/install/herm_description/lib/python3.10/site-packages'
[2.700s] Level 1:colcon.colcon_core.shell:create_environment_hook('herm_description', 'pythonpath')
[2.701s] INFO:colcon.colcon_core.shell:Creating environment hook '/home/jithin/herm_ws/install/herm_description/share/herm_description/hook/pythonpath.ps1'
[2.702s] INFO:colcon.colcon_core.shell:Creating environment descriptor '/home/jithin/herm_ws/install/herm_description/share/herm_description/hook/pythonpath.dsv'
[2.704s] INFO:colcon.colcon_core.shell:Creating environment hook '/home/jithin/herm_ws/install/herm_description/share/herm_description/hook/pythonpath.sh'
[2.707s] Level 1:colcon.colcon_core.environment:checking '/home/jithin/herm_ws/install/herm_description/bin'
[2.707s] Level 1:colcon.colcon_core.environment:create_environment_scripts_only(herm_description)
[2.708s] INFO:colcon.colcon_core.shell:Creating package script '/home/jithin/herm_ws/install/herm_description/share/herm_description/package.ps1'
[2.712s] INFO:colcon.colcon_core.shell:Creating package descriptor '/home/jithin/herm_ws/install/herm_description/share/herm_description/package.dsv'
[2.714s] INFO:colcon.colcon_core.shell:Creating package script '/home/jithin/herm_ws/install/herm_description/share/herm_description/package.sh'
[2.717s] INFO:colcon.colcon_core.shell:Creating package script '/home/jithin/herm_ws/install/herm_description/share/herm_description/package.bash'
[2.720s] INFO:colcon.colcon_core.shell:Creating package script '/home/jithin/herm_ws/install/herm_description/share/herm_description/package.zsh'
[2.723s] Level 1:colcon.colcon_core.environment:create_file_with_runtime_dependencies(/home/jithin/herm_ws/install/herm_description/share/colcon-core/packages/herm_description)
[2.724s] DEBUG:colcon.colcon_parallel_executor.executor.parallel:closing loop
[2.725s] DEBUG:colcon.colcon_parallel_executor.executor.parallel:loop closed
[2.725s] DEBUG:colcon.colcon_parallel_executor.executor.parallel:run_until_complete finished with '0'
[2.726s] DEBUG:colcon.colcon_core.event_reactor:joining thread
[2.740s] INFO:colcon.colcon_core.plugin_system:Skipping extension 'colcon_notification.desktop_notification.terminal_notifier': Not used on non-Darwin systems
[2.740s] INFO:colcon.colcon_core.plugin_system:Skipping extension 'colcon_notification.desktop_notification.win32': Not used on non-Windows systems
[2.741s] INFO:colcon.colcon_notification.desktop_notification:Sending desktop notification using 'notify2'
[2.788s] DEBUG:colcon.colcon_core.event_reactor:joined thread
[2.789s] INFO:colcon.colcon_core.shell:Creating prefix script '/home/jithin/herm_ws/install/local_setup.ps1'
[2.793s] INFO:colcon.colcon_core.shell:Creating prefix util module '/home/jithin/herm_ws/install/_local_setup_util_ps1.py'
[2.799s] INFO:colcon.colcon_core.shell:Creating prefix chain script '/home/jithin/herm_ws/install/setup.ps1'
[2.803s] INFO:colcon.colcon_core.shell:Creating prefix script '/home/jithin/herm_ws/install/local_setup.sh'
[2.805s] INFO:colcon.colcon_core.shell:Creating prefix util module '/home/jithin/herm_ws/install/_local_setup_util_sh.py'
[2.808s] INFO:colcon.colcon_core.shell:Creating prefix chain script '/home/jithin/herm_ws/install/setup.sh'
[2.812s] INFO:colcon.colcon_core.shell:Creating prefix script '/home/jithin/herm_ws/install/local_setup.bash'
[2.814s] INFO:colcon.colcon_core.shell:Creating prefix chain script '/home/jithin/herm_ws/install/setup.bash'
[2.817s] INFO:colcon.colcon_core.shell:Creating prefix script '/home/jithin/herm_ws/install/local_setup.zsh'
[2.819s] INFO:colcon.colcon_core.shell:Creating prefix chain script '/home/jithin/herm_ws/install/setup.zsh'
