running egg_info
creating ../build/herm_description/herm_description.egg-info
writing ../build/herm_description/herm_description.egg-info/PKG-INFO
writing dependency_links to ../build/herm_description/herm_description.egg-info/dependency_links.txt
writing entry points to ../build/herm_description/herm_description.egg-info/entry_points.txt
writing requirements to ../build/herm_description/herm_description.egg-info/requires.txt
writing top-level names to ../build/herm_description/herm_description.egg-info/top_level.txt
writing manifest file '../build/herm_description/herm_description.egg-info/SOURCES.txt'
reading manifest file '../build/herm_description/herm_description.egg-info/SOURCES.txt'
writing manifest file '../build/herm_description/herm_description.egg-info/SOURCES.txt'
running build
running build_py
creating /home/jithin/herm_ws/src/build/herm_description/build
creating /home/jithin/herm_ws/src/build/herm_description/build/lib
creating /home/jithin/herm_ws/src/build/herm_description/build/lib/herm_description
copying herm_description/__init__.py -> /home/jithin/herm_ws/src/build/herm_description/build/lib/herm_description
running install
running install_lib
creating /home/jithin/herm_ws/src/install/herm_description/lib/python3.10/site-packages/herm_description
copying /home/jithin/herm_ws/src/build/herm_description/build/lib/herm_description/__init__.py -> /home/jithin/herm_ws/src/install/herm_description/lib/python3.10/site-packages/herm_description
byte-compiling /home/jithin/herm_ws/src/install/herm_description/lib/python3.10/site-packages/herm_description/__init__.py to __init__.cpython-310.pyc
running install_data
creating /home/jithin/herm_ws/src/install/herm_description/share/ament_index
creating /home/jithin/herm_ws/src/install/herm_description/share/ament_index/resource_index
creating /home/jithin/herm_ws/src/install/herm_description/share/ament_index/resource_index/packages
copying resource/herm_description -> /home/jithin/herm_ws/src/install/herm_description/share/ament_index/resource_index/packages
copying package.xml -> /home/jithin/herm_ws/src/install/herm_description/share/herm_description
running install_egg_info
Copying ../build/herm_description/herm_description.egg-info to /home/jithin/herm_ws/src/install/herm_description/lib/python3.10/site-packages/herm_description-0.0.0-py3.10.egg-info
running install_scripts
writing list of installed files to '/home/jithin/herm_ws/src/build/herm_description/install.log'
