[1.148s] Invoking command in '/home/jithin/herm_ws/src/herm_description': PYTHONPATH=/home/jithin/herm_ws/build/herm_description/prefix_override:/usr/lib/python3/dist-packages/colcon_core/task/python/colcon_distutils_commands:/home/jithin/herm_ws/install/herm_description/lib/python3.10/site-packages:${PYTHONPATH} /usr/bin/python3 -W ignore:setup.py install is deprecated -W ignore:easy_install command is deprecated setup.py egg_info --egg-base ../../build/herm_description build --build-base /home/jithin/herm_ws/build/herm_description/build install --record /home/jithin/herm_ws/build/herm_description/install.log --single-version-externally-managed install_data
[1.586s] running egg_info
[1.586s] creating ../../build/herm_description/herm_description.egg-info
[1.587s] writing ../../build/herm_description/herm_description.egg-info/PKG-INFO
[1.587s] writing dependency_links to ../../build/herm_description/herm_description.egg-info/dependency_links.txt
[1.587s] writing entry points to ../../build/herm_description/herm_description.egg-info/entry_points.txt
[1.588s] writing requirements to ../../build/herm_description/herm_description.egg-info/requires.txt
[1.588s] writing top-level names to ../../build/herm_description/herm_description.egg-info/top_level.txt
[1.588s] writing manifest file '../../build/herm_description/herm_description.egg-info/SOURCES.txt'
[1.591s] reading manifest file '../../build/herm_description/herm_description.egg-info/SOURCES.txt'
[1.593s] writing manifest file '../../build/herm_description/herm_description.egg-info/SOURCES.txt'
[1.593s] running build
[1.593s] running build_py
[1.593s] creating /home/jithin/herm_ws/build/herm_description/build
[1.593s] creating /home/jithin/herm_ws/build/herm_description/build/lib
[1.593s] creating /home/jithin/herm_ws/build/herm_description/build/lib/herm_description
[1.594s] copying herm_description/__init__.py -> /home/jithin/herm_ws/build/herm_description/build/lib/herm_description
[1.594s] running install
[1.594s] running install_lib
[1.596s] creating /home/jithin/herm_ws/install/herm_description/lib/python3.10/site-packages/herm_description
[1.596s] copying /home/jithin/herm_ws/build/herm_description/build/lib/herm_description/__init__.py -> /home/jithin/herm_ws/install/herm_description/lib/python3.10/site-packages/herm_description
[1.597s] byte-compiling /home/jithin/herm_ws/install/herm_description/lib/python3.10/site-packages/herm_description/__init__.py to __init__.cpython-310.pyc
[1.597s] running install_data
[1.597s] creating /home/jithin/herm_ws/install/herm_description/share/ament_index
[1.597s] creating /home/jithin/herm_ws/install/herm_description/share/ament_index/resource_index
[1.598s] creating /home/jithin/herm_ws/install/herm_description/share/ament_index/resource_index/packages
[1.598s] copying resource/herm_description -> /home/jithin/herm_ws/install/herm_description/share/ament_index/resource_index/packages
[1.598s] copying package.xml -> /home/jithin/herm_ws/install/herm_description/share/herm_description
[1.598s] running install_egg_info
[1.603s] Copying ../../build/herm_description/herm_description.egg-info to /home/jithin/herm_ws/install/herm_description/lib/python3.10/site-packages/herm_description-0.0.0-py3.10.egg-info
[1.604s] running install_scripts
[1.642s] writing list of installed files to '/home/jithin/herm_ws/build/herm_description/install.log'
[1.705s] Invoked command in '/home/jithin/herm_ws/src/herm_description' returned '0': PYTHONPATH=/home/jithin/herm_ws/build/herm_description/prefix_override:/usr/lib/python3/dist-packages/colcon_core/task/python/colcon_distutils_commands:/home/jithin/herm_ws/install/herm_description/lib/python3.10/site-packages:${PYTHONPATH} /usr/bin/python3 -W ignore:setup.py install is deprecated -W ignore:easy_install command is deprecated setup.py egg_info --egg-base ../../build/herm_description build --build-base /home/jithin/herm_ws/build/herm_description/build install --record /home/jithin/herm_ws/build/herm_description/install.log --single-version-externally-managed install_data
