[0.199s] DEBUG:colcon:Command line arguments: ['/usr/bin/colcon', 'build']
[0.200s] DEBUG:colcon:Parsed command line arguments: Namespace(log_base=None, log_level=None, verb_name='build', build_base='build', install_base='install', merge_install=False, symlink_install=False, test_result_base=None, continue_on_error=False, executor='parallel', parallel_workers=6, event_handlers=None, ignore_user_meta=False, metas=['./colcon.meta'], base_paths=['.'], packages_ignore=None, packages_ignore_regex=None, paths=None, packages_up_to=None, packages_up_to_regex=None, packages_above=None, packages_above_and_dependencies=None, packages_above_depth=None, packages_select_by_dep=None, packages_skip_by_dep=None, packages_skip_up_to=None, packages_select_build_failed=False, packages_skip_build_finished=False, packages_select_test_failures=False, packages_skip_test_passed=False, packages_select=None, packages_skip=None, packages_select_regex=None, packages_skip_regex=None, packages_start=None, packages_end=None, allow_overriding=[], cmake_args=None, cmake_target=None, cmake_target_skip_unavailable=False, cmake_clean_cache=False, cmake_clean_first=False, cmake_force_configure=False, ament_cmake_args=None, catkin_cmake_args=None, catkin_skip_building_tests=False, mixin_files=None, mixin=None, verb_parser=<colcon_mixin.mixin.mixin_argument.MixinArgumentDecorator object at 0xffff872b1cf0>, verb_extension=<colcon_core.verb.build.BuildVerb object at 0xffff873bacb0>, main=<bound method BuildVerb.main of <colcon_core.verb.build.BuildVerb object at 0xffff873bacb0>>, mixin_verb=('build',))
[0.503s] Level 1:colcon.colcon_core.package_discovery:discover_packages(colcon_meta) check parameters
[0.503s] Level 1:colcon.colcon_core.package_discovery:discover_packages(recursive) check parameters
[0.504s] Level 1:colcon.colcon_core.package_discovery:discover_packages(ignore) check parameters
[0.504s] Level 1:colcon.colcon_core.package_discovery:discover_packages(path) check parameters
[0.504s] Level 1:colcon.colcon_core.package_discovery:discover_packages(colcon_meta) discover
[0.504s] Level 1:colcon.colcon_core.package_discovery:discover_packages(recursive) discover
[0.504s] INFO:colcon.colcon_core.package_discovery:Crawling recursively for packages in '/home/jithin/herm_ws/src'
[0.504s] Level 1:colcon.colcon_core.package_identification:_identify(.) by extensions ['ignore', 'ignore_ament_install']
[0.504s] Level 1:colcon.colcon_core.package_identification:_identify(.) by extension 'ignore'
[0.505s] Level 1:colcon.colcon_core.package_identification:_identify(.) by extension 'ignore_ament_install'
[0.505s] Level 1:colcon.colcon_core.package_identification:_identify(.) by extensions ['colcon_pkg']
[0.505s] Level 1:colcon.colcon_core.package_identification:_identify(.) by extension 'colcon_pkg'
[0.505s] Level 1:colcon.colcon_core.package_identification:_identify(.) by extensions ['colcon_meta']
[0.505s] Level 1:colcon.colcon_core.package_identification:_identify(.) by extension 'colcon_meta'
[0.505s] Level 1:colcon.colcon_core.package_identification:_identify(.) by extensions ['ros']
[0.505s] Level 1:colcon.colcon_core.package_identification:_identify(.) by extension 'ros'
[0.525s] Level 1:colcon.colcon_core.package_identification:_identify(.) by extensions ['cmake', 'python']
[0.525s] Level 1:colcon.colcon_core.package_identification:_identify(.) by extension 'cmake'
[0.525s] Level 1:colcon.colcon_core.package_identification:_identify(.) by extension 'python'
[0.525s] Level 1:colcon.colcon_core.package_identification:_identify(.) by extensions ['python_setup_py']
[0.525s] Level 1:colcon.colcon_core.package_identification:_identify(.) by extension 'python_setup_py'
[0.526s] Level 1:colcon.colcon_core.package_identification:_identify(build) by extensions ['ignore', 'ignore_ament_install']
[0.526s] Level 1:colcon.colcon_core.package_identification:_identify(build) by extension 'ignore'
[0.526s] Level 1:colcon.colcon_core.package_identification:_identify(build) ignored
[0.526s] Level 1:colcon.colcon_core.package_identification:_identify(herm_description) by extensions ['ignore', 'ignore_ament_install']
[0.526s] Level 1:colcon.colcon_core.package_identification:_identify(herm_description) by extension 'ignore'
[0.526s] Level 1:colcon.colcon_core.package_identification:_identify(herm_description) by extension 'ignore_ament_install'
[0.527s] Level 1:colcon.colcon_core.package_identification:_identify(herm_description) by extensions ['colcon_pkg']
[0.527s] Level 1:colcon.colcon_core.package_identification:_identify(herm_description) by extension 'colcon_pkg'
[0.527s] Level 1:colcon.colcon_core.package_identification:_identify(herm_description) by extensions ['colcon_meta']
[0.527s] Level 1:colcon.colcon_core.package_identification:_identify(herm_description) by extension 'colcon_meta'
[0.527s] Level 1:colcon.colcon_core.package_identification:_identify(herm_description) by extensions ['ros']
[0.527s] Level 1:colcon.colcon_core.package_identification:_identify(herm_description) by extension 'ros'
[0.533s] DEBUG:colcon.colcon_core.package_identification:Package 'herm_description' with type 'ros.ament_python' and name 'herm_description'
[0.534s] Level 1:colcon.colcon_core.package_identification:_identify(install) by extensions ['ignore', 'ignore_ament_install']
[0.534s] Level 1:colcon.colcon_core.package_identification:_identify(install) by extension 'ignore'
[0.534s] Level 1:colcon.colcon_core.package_identification:_identify(install) ignored
[0.534s] Level 1:colcon.colcon_core.package_identification:_identify(log) by extensions ['ignore', 'ignore_ament_install']
[0.534s] Level 1:colcon.colcon_core.package_identification:_identify(log) by extension 'ignore'
[0.534s] Level 1:colcon.colcon_core.package_identification:_identify(log) ignored
[0.535s] Level 1:colcon.colcon_core.package_discovery:discover_packages(recursive) using defaults
[0.535s] Level 1:colcon.colcon_core.package_discovery:discover_packages(ignore) discover
[0.535s] Level 1:colcon.colcon_core.package_discovery:discover_packages(ignore) using defaults
[0.535s] Level 1:colcon.colcon_core.package_discovery:discover_packages(path) discover
[0.535s] Level 1:colcon.colcon_core.package_discovery:discover_packages(path) using defaults
[0.598s] Level 1:colcon.colcon_core.package_discovery:discover_packages(prefix_path) check parameters
[0.599s] Level 1:colcon.colcon_core.package_discovery:discover_packages(prefix_path) discover
[0.600s] WARNING:colcon.colcon_core.prefix_path.colcon:The path '/home/jithin/ros2_ws/install' in the environment variable COLCON_PREFIX_PATH doesn't exist
[0.600s] WARNING:colcon.colcon_ros.prefix_path.ament:The path '/home/jithin/ros2_ws/install/sllidar_ros2' in the environment variable AMENT_PREFIX_PATH doesn't exist
[0.601s] WARNING:colcon.colcon_ros.prefix_path.catkin:The path '/home/jithin/ros2_ws/install/sllidar_ros2' in the environment variable CMAKE_PREFIX_PATH doesn't exist
[0.602s] DEBUG:colcon.colcon_installed_package_information.package_discovery:Found 0 installed packages in /home/jithin/herm_ws/install
[0.604s] DEBUG:colcon.colcon_installed_package_information.package_discovery:Found 272 installed packages in /opt/ros/humble
[0.606s] Level 1:colcon.colcon_core.package_discovery:discover_packages(prefix_path) using defaults
[0.671s] Level 5:colcon.colcon_core.verb:set package 'herm_description' build argument 'cmake_args' from command line to 'None'
[0.672s] Level 5:colcon.colcon_core.verb:set package 'herm_description' build argument 'cmake_target' from command line to 'None'
[0.672s] Level 5:colcon.colcon_core.verb:set package 'herm_description' build argument 'cmake_target_skip_unavailable' from command line to 'False'
[0.672s] Level 5:colcon.colcon_core.verb:set package 'herm_description' build argument 'cmake_clean_cache' from command line to 'False'
[0.672s] Level 5:colcon.colcon_core.verb:set package 'herm_description' build argument 'cmake_clean_first' from command line to 'False'
[0.672s] Level 5:colcon.colcon_core.verb:set package 'herm_description' build argument 'cmake_force_configure' from command line to 'False'
[0.672s] Level 5:colcon.colcon_core.verb:set package 'herm_description' build argument 'ament_cmake_args' from command line to 'None'
[0.672s] Level 5:colcon.colcon_core.verb:set package 'herm_description' build argument 'catkin_cmake_args' from command line to 'None'
[0.672s] Level 5:colcon.colcon_core.verb:set package 'herm_description' build argument 'catkin_skip_building_tests' from command line to 'False'
[0.672s] DEBUG:colcon.colcon_core.verb:Building package 'herm_description' with the following arguments: {'ament_cmake_args': None, 'build_base': '/home/jithin/herm_ws/src/build/herm_description', 'catkin_cmake_args': None, 'catkin_skip_building_tests': False, 'cmake_args': None, 'cmake_clean_cache': False, 'cmake_clean_first': False, 'cmake_force_configure': False, 'cmake_target': None, 'cmake_target_skip_unavailable': False, 'install_base': '/home/jithin/herm_ws/src/install/herm_description', 'merge_install': False, 'path': '/home/jithin/herm_ws/src/herm_description', 'symlink_install': False, 'test_result_base': None}
[0.672s] INFO:colcon.colcon_core.executor:Executing jobs using 'parallel' executor
[0.675s] DEBUG:colcon.colcon_parallel_executor.executor.parallel:run_until_complete
[0.675s] INFO:colcon.colcon_ros.task.ament_python.build:Building ROS package in '/home/jithin/herm_ws/src/herm_description' with build type 'ament_python'
[0.675s] Level 1:colcon.colcon_core.shell:create_environment_hook('herm_description', 'ament_prefix_path')
[0.679s] INFO:colcon.colcon_core.plugin_system:Skipping extension 'colcon_core.shell.bat': Not used on non-Windows systems
[0.679s] INFO:colcon.colcon_core.shell:Creating environment hook '/home/jithin/herm_ws/src/install/herm_description/share/herm_description/hook/ament_prefix_path.ps1'
[0.682s] INFO:colcon.colcon_core.shell:Creating environment descriptor '/home/jithin/herm_ws/src/install/herm_description/share/herm_description/hook/ament_prefix_path.dsv'
[0.683s] INFO:colcon.colcon_core.shell:Creating environment hook '/home/jithin/herm_ws/src/install/herm_description/share/herm_description/hook/ament_prefix_path.sh'
[0.685s] INFO:colcon.colcon_core.shell:Skip shell extension 'powershell' for command environment: Not usable outside of PowerShell
[0.685s] DEBUG:colcon.colcon_core.shell:Skip shell extension 'dsv' for command environment
[1.158s] INFO:colcon.colcon_core.task.python.build:Building Python package in '/home/jithin/herm_ws/src/herm_description'
[1.159s] INFO:colcon.colcon_core.shell:Skip shell extension 'powershell' for command environment: Not usable outside of PowerShell
[1.159s] DEBUG:colcon.colcon_core.shell:Skip shell extension 'dsv' for command environment
[1.852s] DEBUG:colcon.colcon_core.event_handler.log_command:Invoking command in '/home/jithin/herm_ws/src/herm_description': PYTHONPATH=/home/jithin/herm_ws/src/build/herm_description/prefix_override:/usr/lib/python3/dist-packages/colcon_core/task/python/colcon_distutils_commands:/home/jithin/herm_ws/src/install/herm_description/lib/python3.10/site-packages:${PYTHONPATH} /usr/bin/python3 -W ignore:setup.py install is deprecated -W ignore:easy_install command is deprecated setup.py egg_info --egg-base ../build/herm_description build --build-base /home/jithin/herm_ws/src/build/herm_description/build install --record /home/jithin/herm_ws/src/build/herm_description/install.log --single-version-externally-managed install_data
[2.397s] DEBUG:colcon.colcon_core.event_handler.log_command:Invoked command in '/home/jithin/herm_ws/src/herm_description' returned '0': PYTHONPATH=/home/jithin/herm_ws/src/build/herm_description/prefix_override:/usr/lib/python3/dist-packages/colcon_core/task/python/colcon_distutils_commands:/home/jithin/herm_ws/src/install/herm_description/lib/python3.10/site-packages:${PYTHONPATH} /usr/bin/python3 -W ignore:setup.py install is deprecated -W ignore:easy_install command is deprecated setup.py egg_info --egg-base ../build/herm_description build --build-base /home/jithin/herm_ws/src/build/herm_description/build install --record /home/jithin/herm_ws/src/build/herm_description/install.log --single-version-externally-managed install_data
[2.415s] Level 1:colcon.colcon_core.environment:checking '/home/jithin/herm_ws/src/install/herm_description' for CMake module files
[2.416s] Level 1:colcon.colcon_core.environment:checking '/home/jithin/herm_ws/src/install/herm_description' for CMake config files
[2.418s] Level 1:colcon.colcon_core.environment:checking '/home/jithin/herm_ws/src/install/herm_description/lib'
[2.418s] Level 1:colcon.colcon_core.environment:checking '/home/jithin/herm_ws/src/install/herm_description/bin'
[2.418s] Level 1:colcon.colcon_core.environment:checking '/home/jithin/herm_ws/src/install/herm_description/lib/pkgconfig/herm_description.pc'
[2.419s] Level 1:colcon.colcon_core.environment:checking '/home/jithin/herm_ws/src/install/herm_description/lib/python3.10/site-packages'
[2.419s] Level 1:colcon.colcon_core.shell:create_environment_hook('herm_description', 'pythonpath')
[2.420s] INFO:colcon.colcon_core.shell:Creating environment hook '/home/jithin/herm_ws/src/install/herm_description/share/herm_description/hook/pythonpath.ps1'
[2.421s] INFO:colcon.colcon_core.shell:Creating environment descriptor '/home/jithin/herm_ws/src/install/herm_description/share/herm_description/hook/pythonpath.dsv'
[2.421s] INFO:colcon.colcon_core.shell:Creating environment hook '/home/jithin/herm_ws/src/install/herm_description/share/herm_description/hook/pythonpath.sh'
[2.422s] Level 1:colcon.colcon_core.environment:checking '/home/jithin/herm_ws/src/install/herm_description/bin'
[2.422s] Level 1:colcon.colcon_core.environment:create_environment_scripts_only(herm_description)
[2.423s] INFO:colcon.colcon_core.shell:Creating package script '/home/jithin/herm_ws/src/install/herm_description/share/herm_description/package.ps1'
[2.427s] INFO:colcon.colcon_core.shell:Creating package descriptor '/home/jithin/herm_ws/src/install/herm_description/share/herm_description/package.dsv'
[2.429s] INFO:colcon.colcon_core.shell:Creating package script '/home/jithin/herm_ws/src/install/herm_description/share/herm_description/package.sh'
[2.431s] INFO:colcon.colcon_core.shell:Creating package script '/home/jithin/herm_ws/src/install/herm_description/share/herm_description/package.bash'
[2.434s] INFO:colcon.colcon_core.shell:Creating package script '/home/jithin/herm_ws/src/install/herm_description/share/herm_description/package.zsh'
[2.437s] Level 1:colcon.colcon_core.environment:create_file_with_runtime_dependencies(/home/jithin/herm_ws/src/install/herm_description/share/colcon-core/packages/herm_description)
[2.438s] DEBUG:colcon.colcon_parallel_executor.executor.parallel:closing loop
[2.439s] DEBUG:colcon.colcon_parallel_executor.executor.parallel:loop closed
[2.439s] DEBUG:colcon.colcon_parallel_executor.executor.parallel:run_until_complete finished with '0'
[2.440s] DEBUG:colcon.colcon_core.event_reactor:joining thread
[2.459s] INFO:colcon.colcon_core.plugin_system:Skipping extension 'colcon_notification.desktop_notification.terminal_notifier': Not used on non-Darwin systems
[2.459s] INFO:colcon.colcon_core.plugin_system:Skipping extension 'colcon_notification.desktop_notification.win32': Not used on non-Windows systems
[2.459s] INFO:colcon.colcon_notification.desktop_notification:Sending desktop notification using 'notify2'
[2.500s] DEBUG:colcon.colcon_core.event_reactor:joined thread
[2.501s] INFO:colcon.colcon_core.shell:Creating prefix script '/home/jithin/herm_ws/src/install/local_setup.ps1'
[2.503s] INFO:colcon.colcon_core.shell:Creating prefix util module '/home/jithin/herm_ws/src/install/_local_setup_util_ps1.py'
[2.507s] INFO:colcon.colcon_core.shell:Creating prefix chain script '/home/jithin/herm_ws/src/install/setup.ps1'
[2.510s] INFO:colcon.colcon_core.shell:Creating prefix script '/home/jithin/herm_ws/src/install/local_setup.sh'
[2.512s] INFO:colcon.colcon_core.shell:Creating prefix util module '/home/jithin/herm_ws/src/install/_local_setup_util_sh.py'
[2.514s] INFO:colcon.colcon_core.shell:Creating prefix chain script '/home/jithin/herm_ws/src/install/setup.sh'
[2.518s] INFO:colcon.colcon_core.shell:Creating prefix script '/home/jithin/herm_ws/src/install/local_setup.bash'
[2.520s] INFO:colcon.colcon_core.shell:Creating prefix chain script '/home/jithin/herm_ws/src/install/setup.bash'
[2.523s] INFO:colcon.colcon_core.shell:Creating prefix script '/home/jithin/herm_ws/src/install/local_setup.zsh'
[2.524s] INFO:colcon.colcon_core.shell:Creating prefix chain script '/home/jithin/herm_ws/src/install/setup.zsh'
