[1.185s] Invoking command in '/home/jithin/herm_ws/src/herm_description': PYTHONPATH=/home/jithin/herm_ws/build/herm_description/prefix_override:/usr/lib/python3/dist-packages/colcon_core/task/python/colcon_distutils_commands:/home/jithin/herm_ws/install/herm_description/lib/python3.10/site-packages:${PYTHONPATH} /usr/bin/python3 -W ignore:setup.py install is deprecated -W ignore:easy_install command is deprecated setup.py egg_info --egg-base ../../build/herm_description build --build-base /home/jithin/herm_ws/build/herm_description/build install --record /home/jithin/herm_ws/build/herm_description/install.log --single-version-externally-managed install_data
[1.632s] running egg_info
[1.633s] writing ../../build/herm_description/herm_description.egg-info/PKG-INFO
[1.633s] writing dependency_links to ../../build/herm_description/herm_description.egg-info/dependency_links.txt
[1.634s] writing entry points to ../../build/herm_description/herm_description.egg-info/entry_points.txt
[1.634s] writing requirements to ../../build/herm_description/herm_description.egg-info/requires.txt
[1.634s] writing top-level names to ../../build/herm_description/herm_description.egg-info/top_level.txt
[1.640s] reading manifest file '../../build/herm_description/herm_description.egg-info/SOURCES.txt'
[1.642s] writing manifest file '../../build/herm_description/herm_description.egg-info/SOURCES.txt'
[1.642s] running build
[1.642s] running build_py
[1.643s] running install
[1.643s] running install_lib
[1.645s] running install_data
[1.646s] copying urdf/herm.urdf.xacro -> /home/jithin/herm_ws/install/herm_description/share/herm_description/urdf
[1.646s] running install_egg_info
[1.650s] removing '/home/jithin/herm_ws/install/herm_description/lib/python3.10/site-packages/herm_description-0.0.0-py3.10.egg-info' (and everything under it)
[1.650s] Copying ../../build/herm_description/herm_description.egg-info to /home/jithin/herm_ws/install/herm_description/lib/python3.10/site-packages/herm_description-0.0.0-py3.10.egg-info
[1.652s] running install_scripts
[1.691s] writing list of installed files to '/home/jithin/herm_ws/build/herm_description/install.log'
[1.758s] Invoked command in '/home/jithin/herm_ws/src/herm_description' returned '0': PYTHONPATH=/home/jithin/herm_ws/build/herm_description/prefix_override:/usr/lib/python3/dist-packages/colcon_core/task/python/colcon_distutils_commands:/home/jithin/herm_ws/install/herm_description/lib/python3.10/site-packages:${PYTHONPATH} /usr/bin/python3 -W ignore:setup.py install is deprecated -W ignore:easy_install command is deprecated setup.py egg_info --egg-base ../../build/herm_description build --build-base /home/jithin/herm_ws/build/herm_description/build install --record /home/jithin/herm_ws/build/herm_description/install.log --single-version-externally-managed install_data
